number,value,datetime_start,datetime_complete,duration,params_batch_size,params_classical_hidden_dim,params_conv_channels_key,params_data_reuploading,params_dropout,params_lr,params_n_qubits,params_quantum_layers,params_use_cnn_head,params_weight_decay,user_attrs_best_val_bit_accuracy,user_attrs_best_val_loss,state
99,0.17434233248233796,2026-04-26 06:47:37.433961,2026-04-26 06:47:50.098022,0 days 00:00:12.664061,8,128,,False,0.1763477220798183,0.0023521032461190075,10,3,False,3.7853381440466955e-06,,,PRUNED
